<?xml version="1.0" encoding="UTF-8"?>
<!-- Generated by org.testng.reporters.JUnitXMLReporter -->
<testsuite ignored="0" failures="0" tests="6" name="Command line test" time="3.256" errors="0" timestamp="2023-08-13T03:49:09 UTC">
  <testcase classname="api.test.DataDrivenTest" name="testPostUser" time="1.346"/>
  <testcase classname="api.test.DataDrivenTest" name="testPostUser" time="0.151"/>
  <testcase classname="api.test.DataDrivenTest" name="testPostUser" time="0.133"/>
  <testcase classname="api.test.DataDrivenTest" name="testDeleteUserByName" time="0.142"/>
  <testcase classname="api.test.DataDrivenTest" name="testDeleteUserByName" time="0.129"/>
  <testcase classname="api.test.DataDrivenTest" name="testDeleteUserByName" time="0.145"/>
</testsuite> <!-- Command line test -->
