<?xml version="1.0" encoding="UTF-8"?>
<testng-results ignored="0" total="6" passed="6" failed="0" skipped="0">
  <reporter-output>
  </reporter-output>
  <suite started-at="2023-08-13T03:49:06 UTC" name="api.test.DataDrivenTest" finished-at="2023-08-13T03:49:09 UTC" duration-ms="3256">
    <groups>
    </groups>
    <test started-at="2023-08-13T03:49:06 UTC" name="Command line test" finished-at="2023-08-13T03:49:09 UTC" duration-ms="3256">
      <class name="api.test.DataDrivenTest">
        <test-method signature="testPostUser(java.lang.String,java.lang.String,java.lang.String,java.lang.String,java.lang.String,java.lang.String,java.lang.String)[pri:1, instance:api.test.DataDrivenTest@3b94d659]" started-at="2023-08-13T03:49:07 UTC" name="testPostUser" data-provider="Data" finished-at="2023-08-13T03:49:08 UTC" duration-ms="1346" status="PASS">
          <params>
            <param index="0">
              <value>
                <![CDATA[10]]>
              </value>
            </param>
            <param index="1">
              <value>
                <![CDATA[testuser1]]>
              </value>
            </param>
            <param index="2">
              <value>
                <![CDATA[mahmoud1]]>
              </value>
            </param>
            <param index="3">
              <value>
                <![CDATA[eltohamy1]]>
              </value>
            </param>
            <param index="4">
              <value>
                <![CDATA[mahmoud@gmail.com]]>
              </value>
            </param>
            <param index="5">
              <value>
                <![CDATA[password]]>
              </value>
            </param>
            <param index="6">
              <value>
                <![CDATA[123456789]]>
              </value>
            </param>
          </params>
          <reporter-output>
          </reporter-output>
        </test-method> <!-- testPostUser -->
        <test-method signature="testPostUser(java.lang.String,java.lang.String,java.lang.String,java.lang.String,java.lang.String,java.lang.String,java.lang.String)[pri:1, instance:api.test.DataDrivenTest@3b94d659]" started-at="2023-08-13T03:49:08 UTC" name="testPostUser" data-provider="Data" finished-at="2023-08-13T03:49:08 UTC" duration-ms="151" status="PASS">
          <params>
            <param index="0">
              <value>
                <![CDATA[20]]>
              </value>
            </param>
            <param index="1">
              <value>
                <![CDATA[testuser2]]>
              </value>
            </param>
            <param index="2">
              <value>
                <![CDATA[mahmoud2]]>
              </value>
            </param>
            <param index="3">
              <value>
                <![CDATA[eltohamy2]]>
              </value>
            </param>
            <param index="4">
              <value>
                <![CDATA[mahmoud@gmail.com]]>
              </value>
            </param>
            <param index="5">
              <value>
                <![CDATA[password]]>
              </value>
            </param>
            <param index="6">
              <value>
                <![CDATA[987456123]]>
              </value>
            </param>
          </params>
          <reporter-output>
          </reporter-output>
        </test-method> <!-- testPostUser -->
        <test-method signature="testPostUser(java.lang.String,java.lang.String,java.lang.String,java.lang.String,java.lang.String,java.lang.String,java.lang.String)[pri:1, instance:api.test.DataDrivenTest@3b94d659]" started-at="2023-08-13T03:49:08 UTC" name="testPostUser" data-provider="Data" finished-at="2023-08-13T03:49:09 UTC" duration-ms="133" status="PASS">
          <params>
            <param index="0">
              <value>
                <![CDATA[30]]>
              </value>
            </param>
            <param index="1">
              <value>
                <![CDATA[testuser3]]>
              </value>
            </param>
            <param index="2">
              <value>
                <![CDATA[mahmoud3]]>
              </value>
            </param>
            <param index="3">
              <value>
                <![CDATA[eltohamy3]]>
              </value>
            </param>
            <param index="4">
              <value>
                <![CDATA[mahmoud@gmail.com]]>
              </value>
            </param>
            <param index="5">
              <value>
                <![CDATA[password]]>
              </value>
            </param>
            <param index="6">
              <value>
                <![CDATA[456123789]]>
              </value>
            </param>
          </params>
          <reporter-output>
          </reporter-output>
        </test-method> <!-- testPostUser -->
        <test-method signature="testDeleteUserByName(java.lang.String)[pri:2, instance:api.test.DataDrivenTest@3b94d659]" started-at="2023-08-13T03:49:09 UTC" name="testDeleteUserByName" data-provider="UserNames" finished-at="2023-08-13T03:49:09 UTC" duration-ms="142" status="PASS">
          <params>
            <param index="0">
              <value>
                <![CDATA[testuser1]]>
              </value>
            </param>
          </params>
          <reporter-output>
          </reporter-output>
        </test-method> <!-- testDeleteUserByName -->
        <test-method signature="testDeleteUserByName(java.lang.String)[pri:2, instance:api.test.DataDrivenTest@3b94d659]" started-at="2023-08-13T03:49:09 UTC" name="testDeleteUserByName" data-provider="UserNames" finished-at="2023-08-13T03:49:09 UTC" duration-ms="129" status="PASS">
          <params>
            <param index="0">
              <value>
                <![CDATA[testuser2]]>
              </value>
            </param>
          </params>
          <reporter-output>
          </reporter-output>
        </test-method> <!-- testDeleteUserByName -->
        <test-method signature="testDeleteUserByName(java.lang.String)[pri:2, instance:api.test.DataDrivenTest@3b94d659]" started-at="2023-08-13T03:49:09 UTC" name="testDeleteUserByName" data-provider="UserNames" finished-at="2023-08-13T03:49:09 UTC" duration-ms="145" status="PASS">
          <params>
            <param index="0">
              <value>
                <![CDATA[testuser3]]>
              </value>
            </param>
          </params>
          <reporter-output>
          </reporter-output>
        </test-method> <!-- testDeleteUserByName -->
      </class> <!-- api.test.DataDrivenTest -->
    </test> <!-- Command line test -->
  </suite> <!-- api.test.DataDrivenTest -->
</testng-results>
